<?xml version="1.0" encoding="UTF-8"?>
<testsuite xmlns:xsi="http://www.w3.org/2001/XMLSchema-instance" xsi:noNamespaceSchemaLocation="https://maven.apache.org/surefire/maven-surefire-plugin/xsd/surefire-test-report-3.0.xsd" version="3.0" name="com.cegeka.demo.CegekaApplicationTests" time="0.868" tests="1" errors="0" skipped="0" failures="0">
  <properties>
[...]
</properties>
  <testcase name="contextLoads" classname="com.cegeka.demo.CegekaApplicationTests" time="0.352">
    <system-out><![CDATA[01:24:41.159 [main] INFO org.springframework.test.context.support.AnnotationConfigContextLoaderUtils -- Could not detect default configuration classes for test class [com.cegeka.demo.CegekaApplicationTests]: CegekaApplicationTests does not declare any static, non-private, non-final, nested classes annotated with @Configuration.
01:24:41.194 [main] INFO org.springframework.boot.test.context.SpringBootTestContextBootstrapper -- Found @SpringBootConfiguration com.cegeka.demo.CegekaApplication for test class com.cegeka.demo.CegekaApplicationTests

  .   ____          _            __ _ _
 /\\ / ___'_ __ _ _(_)_ __  __ _ \ \ \ \
( ( )\___ | '_ | '_| | '_ \/ _` | \ \ \ \
 \\/  ___)| |_)| | | | | || (_| |  ) ) ) )
  '  |____| .__|_| |_|_| |_\__, | / / / /
 =========|_|==============|___/=/_/_/_/

 :: Spring Boot ::                (v3.3.2)

2026-09-22T01:24:41.299+05:30  INFO 47791 --- [cegeka-demo-app] [           main] com.cegeka.demo.CegekaApplicationTests   : Starting CegekaApplicationTests using Java 21.0.12.1 with PID 47791 (started by manjunathy in /Users/manjunathy/Downloads/harness-demo/sample-app)
2026-09-22T01:24:41.299+05:30  INFO 47791 --- [cegeka-demo-app] [           main] com.cegeka.demo.CegekaApplicationTests   : No active profile set, falling back to 1 default profile: "default"
2026-09-22T01:24:41.613+05:30  INFO 47791 --- [cegeka-demo-app] [           main] com.cegeka.demo.CegekaApplicationTests   : Started CegekaApplicationTests in 0.38 seconds (process running for 0.666)
]]></system-out>
    <system-err><![CDATA[WARNING: A Java agent has been loaded dynamically (/Users/manjunathy/.m2/repository/net/bytebuddy/byte-buddy-agent/1.14.18/byte-buddy-agent-1.14.18.jar)
WARNING: If a serviceability tool is in use, please run with -XX:+EnableDynamicAgentLoading to hide this warning
WARNING: If a serviceability tool is not in use, please run with -Djdk.instrument.traceUsage for more information
WARNING: Dynamic loading of agents will be disallowed by default in a future release
]]></system-err>
  </testcase>
</testsuite>